Performing C SOURCE FILE Test CMAKE_HAVE_LIBC_PTHREAD failed with the following output:
Change Dir: /home/jonasalbuquerque/CLionProjects/ping/cmake-build-debug/CMakeFiles/CMakeTmp

Run Build Command(s):/usr/bin/gmake cmTC_503d6/fast && /usr/bin/gmake  -f CMakeFiles/cmTC_503d6.dir/build.make CMakeFiles/cmTC_503d6.dir/build
gmake[1]: Entrando no diretório '/home/jonasalbuquerque/CLionProjects/ping/cmake-build-debug/CMakeFiles/CMakeTmp'
Building C object CMakeFiles/cmTC_503d6.dir/src.c.o
/usr/bin/cc   -DCMAKE_HAVE_LIBC_PTHREAD   -o CMakeFiles/cmTC_503d6.dir/src.c.o   -c /home/jonasalbuquerque/CLionProjects/ping/cmake-build-debug/CMakeFiles/CMakeTmp/src.c
Linking C executable cmTC_503d6
/home/jonasalbuquerque/clion-2020.3.1/bin/cmake/linux/bin/cmake -E cmake_link_script CMakeFiles/cmTC_503d6.dir/link.txt --verbose=1
/usr/bin/cc  -DCMAKE_HAVE_LIBC_PTHREAD    -rdynamic CMakeFiles/cmTC_503d6.dir/src.c.o  -o cmTC_503d6 
/usr/bin/ld: CMakeFiles/cmTC_503d6.dir/src.c.o: na função "main":
src.c:(.text+0x46): referência não definida para "pthread_create"
/usr/bin/ld: src.c:(.text+0x52): referência não definida para "pthread_detach"
/usr/bin/ld: src.c:(.text+0x5e): referência não definida para "pthread_cancel"
/usr/bin/ld: src.c:(.text+0x6f): referência não definida para "pthread_join"
collect2: error: ld returned 1 exit status
gmake[1]: *** [CMakeFiles/cmTC_503d6.dir/build.make:107: cmTC_503d6] Erro 1
gmake[1]: Saindo do diretório '/home/jonasalbuquerque/CLionProjects/ping/cmake-build-debug/CMakeFiles/CMakeTmp'
gmake: *** [Makefile:141: cmTC_503d6/fast] Erro 2


Source file was:
#include <pthread.h>

void* test_func(void* data)
{
  return data;
}

int main(void)
{
  pthread_t thread;
  pthread_create(&thread, NULL, test_func, NULL);
  pthread_detach(thread);
  pthread_cancel(thread);
  pthread_join(thread, NULL);
  pthread_atfork(NULL, NULL, NULL);
  pthread_exit(NULL);

  return 0;
}

Determining if the function pthread_create exists in the pthreads failed with the following output:
Change Dir: /home/jonasalbuquerque/CLionProjects/ping/cmake-build-debug/CMakeFiles/CMakeTmp

Run Build Command(s):/usr/bin/gmake cmTC_f3a13/fast && /usr/bin/gmake  -f CMakeFiles/cmTC_f3a13.dir/build.make CMakeFiles/cmTC_f3a13.dir/build
gmake[1]: Entrando no diretório '/home/jonasalbuquerque/CLionProjects/ping/cmake-build-debug/CMakeFiles/CMakeTmp'
Building C object CMakeFiles/cmTC_f3a13.dir/CheckFunctionExists.c.o
/usr/bin/cc   -DCHECK_FUNCTION_EXISTS=pthread_create   -o CMakeFiles/cmTC_f3a13.dir/CheckFunctionExists.c.o   -c /home/jonasalbuquerque/clion-2020.3.1/bin/cmake/linux/share/cmake-3.17/Modules/CheckFunctionExists.c
Linking C executable cmTC_f3a13
/home/jonasalbuquerque/clion-2020.3.1/bin/cmake/linux/bin/cmake -E cmake_link_script CMakeFiles/cmTC_f3a13.dir/link.txt --verbose=1
/usr/bin/cc  -DCHECK_FUNCTION_EXISTS=pthread_create    -rdynamic CMakeFiles/cmTC_f3a13.dir/CheckFunctionExists.c.o  -o cmTC_f3a13  -lpthreads 
/usr/bin/ld: não foi possível localizar -lpthreads
collect2: error: ld returned 1 exit status
gmake[1]: *** [CMakeFiles/cmTC_f3a13.dir/build.make:107: cmTC_f3a13] Erro 1
gmake[1]: Saindo do diretório '/home/jonasalbuquerque/CLionProjects/ping/cmake-build-debug/CMakeFiles/CMakeTmp'
gmake: *** [Makefile:141: cmTC_f3a13/fast] Erro 2



